<?xml version="1.0" encoding="UTF-8"?>
<testsuite xmlns:xsi="http://www.w3.org/2001/XMLSchema-instance" xsi:noNamespaceSchemaLocation="https://maven.apache.org/surefire/maven-surefire-plugin/xsd/surefire-test-report.xsd" name="es.curso.AppTest" time="0.063" tests="12" errors="0" skipped="0" failures="0">
  <properties>
[...]
</properties>
  <testcase name="shouldAnswerWithTrue" classname="es.curso.AppTest" time="0.007"/>
  <testcase name="pruebaMenorIguales" classname="es.curso.AppTest" time="0"/>
  <testcase name="pruebaMenorNegativos" classname="es.curso.AppTest" time="0"/>
  <testcase name="pruebaMenorNumero1" classname="es.curso.AppTest" time="0.001"/>
  <testcase name="pruebaMenorNumero2" classname="es.curso.AppTest" time="0"/>
  <testcase name="pruebaMayorIguales" classname="es.curso.AppTest" time="0"/>
  <testcase name="pruebaMayorSegundo" classname="es.curso.AppTest" time="0.001"/>
  <testcase name="pruebaDoblarNegativo" classname="es.curso.AppTest" time="0"/>
  <testcase name="pruebaDoblar" classname="es.curso.AppTest" time="0"/>
  <testcase name="pruebaDoblarCero" classname="es.curso.AppTest" time="0"/>
  <testcase name="pruebaMayorPrimero" classname="es.curso.AppTest" time="0.001"/>
  <testcase name="pruebaMayorNegativos" classname="es.curso.AppTest" time="0.001"/>
</testsuite>